<?xml version="1.0" encoding="UTF-8"?>
<testsuite name="agh.ics.oop.AnimalIntegrationTest" tests="1" skipped="0" failures="0" errors="0" timestamp="2022-12-23T02:07:44" hostname="piacho" time="0.069">
  <properties/>
  <testcase name="worldTest()" classname="agh.ics.oop.AnimalIntegrationTest" time="0.069"/>
  <system-out><![CDATA[Animal 0 position: (2,3) after move 1
Animal 1 position: (1,3) after move 1
Animal 0 position: (2,4) after move 2
Animal 1 position: (1,2) after move 2
Animal 0 position: (2,5) after move 3
Animal 1 position: (1,1) after move 3
Animal 0 position: (2,6) after move 4
Animal 1 position: (2,1) after move 4
Animal 0 position: (3,7) after move 5
Animal 1 position: (3,1) after move 5
Animal 0 position: (4,6) after move 6
Animal 1 position: (4,1) after move 6
Animal 0 position: (4,5) after move 7
Animal 1 position: (4,2) after move 7
Animal 0 position: (3,5) after move 8
Animal 1 position: (3,3) after move 8
genotype loop end
]]></system-out>
  <system-err><![CDATA[]]></system-err>
</testsuite>
