<?xml version="1.0" encoding="UTF-8"?>
<testsuite name="agh.ics.oop.AnimalIntegrationTest" tests="1" skipped="0" failures="0" errors="0" timestamp="2022-12-23T15:15:21" hostname="DESKTOP-EIU3P5L" time="0.034">
  <properties/>
  <testcase name="animalsWithPlants()" classname="agh.ics.oop.AnimalIntegrationTest" time="0.034"/>
  <system-out><![CDATA[ y\x  0 1 2 3 4 5 6 7 8 9
 10: ---------------------
  9: | | |*|*| | | | | | |
  8: |*|*| |*| | | | | | |
  7: | | |*| | | | | |*| |
  6: |*|*| | | |*|*|*| | |
  5: | | | | | | | | | | |
  4: |*|N| | | |*| | |*| |
  3: | | | | | | | |*| | |
  2: | | |N|*| | | | | | |
  1: | | | | | | |*| |*| |
  0: | |*| | | | | | | | |
 -1: ---------------------

genotype loop end
 y\x  0 1 2 3 4 5 6 7 8 9
 10: ---------------------
  9: | | |*|*| | | | | | |
  8: |*|*| |*| | | | | | |
  7: | | |*| | | | | |*| |
  6: |*|*| | | |*|*|*| | |
  5: | | | |W| | | | | | |
  4: |*| | | | |*| | |*| |
  3: | | | |N| | | |*| | |
  2: | | | |*| | | | | | |
  1: | | | | | | |*| |*| |
  0: | |*| | | | | | | | |
 -1: ---------------------

Animal 0 position: (3,5) and its energy: 120
Animal 1 position: (3,3) and its energy: 120
]]></system-out>
  <system-err><![CDATA[]]></system-err>
</testsuite>
